C51 COMPILER V9.52.0.0   KEY_SCAN                                                          07/31/2018 11:28:13 PAGE 1   


C51 COMPILER V9.52.0.0, COMPILATION OF MODULE KEY_SCAN
OBJECT MODULE PLACED IN Key_Scan.obj
COMPILER INVOKED BY: C:\Keil\C51\C51\BIN\C51.EXE UserAPP\Key_Scan.c BROWSE INCDIR(.\UserAPP) DEBUG OBJECTEXTEND PRINT(.\
                    -Key_Scan.lst) TABS(2) OBJECT(Key_Scan.obj)

line level    source

   1          /********************************************************************
   2            *
   3            * FILE NAME      Key_Scan.c
   4            *
   5          *********************************************************************/
   6          #include "Key_Scan.h"
   7          
   8          //--------------------< Gloable Paramter >----------------------------
   9          _TypeKey    KeyStatus;
  10          
  11          /*********************************************************************
  12            *
  13            * FunctionName  Key_Scan
  14            *
  15          **********************************************************************/
  16          void Key_Scan(void)
  17          {
  18   1        
  19   1      }
  20          
  21          


MODULE INFORMATION:   STATIC OVERLAYABLE
   CODE SIZE        =      1    ----
   CONSTANT SIZE    =   ----    ----
   XDATA SIZE       =   ----    ----
   PDATA SIZE       =   ----    ----
   DATA SIZE        =      1    ----
   IDATA SIZE       =   ----    ----
   BIT SIZE         =   ----    ----
END OF MODULE INFORMATION.


C51 COMPILATION COMPLETE.  0 WARNING(S),  0 ERROR(S)
