C51 COMPILER V9.52.0.0   WIFIBT                                                            07/31/2018 11:28:14 PAGE 1   


C51 COMPILER V9.52.0.0, COMPILATION OF MODULE WIFIBT
OBJECT MODULE PLACED IN WifiBt.obj
COMPILER INVOKED BY: C:\Keil\C51\C51\BIN\C51.EXE UserAPP\WifiBt.c BROWSE INCDIR(.\UserAPP) DEBUG OBJECTEXTEND PRINT(.\Wi
                    -fiBt.lst) TABS(2) OBJECT(WifiBt.obj)

line level    source

   1          /********************************************************************
   2            *
   3            * FILE NAME      WifiBt.c
   4            *
   5            * Modify by      Desheng.Chin
   6            *                07.25  2018
   7            *                Update the protocol
   8          *********************************************************************/
   9          #include "WifiBt.h"
  10          
  11          
  12          
  13          //-------------------------------------------------------------------
  14          // FunctionName     main()
  15          // Brief            program entrance
  16          //-------------------------------------------------------------------
  17          void main(void)
  18          {
  19   1        MCU_Config();
  20   1        
  21   1        USART_Data_Init();
  22   1        
  23   1        User_Data_Init();
  24   1        
  25   1        while (1)
  26   1        {
  27   2          if (TF2 == SET)
  28   2          {
  29   3            TF2 = RESET;
  30   3                  
  31   3            TA      = 0xAA;
  32   3            TA      = 0x55;
  33   3            WDCON       |= BIT6;        //WDCLR = 1, clear the WDT 
  34   3            
  35   3            Csr1010_Snd_Data();
  36   3            
  37   3            Csr1010_Rcv_Data();
  38   3            
  39   3            Wifi_Snd_Data();
  40   3            
  41   3            Wifi_Rcv_Data();
  42   3            
  43   3            Key_Scan();
  44   3            
  45   3            Data_Process();
  46   3            
  47   3            //BT_Work_Detect();
  48   3            
  49   3            Byte_Write_To_APROM();
  50   3          }
  51   2        }
  52   1      }


C51 COMPILER V9.52.0.0   WIFIBT                                                            07/31/2018 11:28:14 PAGE 2   

MODULE INFORMATION:   STATIC OVERLAYABLE
   CODE SIZE        =     46    ----
   CONSTANT SIZE    =   ----    ----
   XDATA SIZE       =   ----    ----
   PDATA SIZE       =   ----    ----
   DATA SIZE        =   ----    ----
   IDATA SIZE       =   ----    ----
   BIT SIZE         =   ----    ----
END OF MODULE INFORMATION.


C51 COMPILATION COMPLETE.  0 WARNING(S),  0 ERROR(S)
