C51 COMPILER V9.52.0.0   CONFIG                                                            07/05/2018 11:40:23 PAGE 1   


C51 COMPILER V9.52.0.0, COMPILATION OF MODULE CONFIG
OBJECT MODULE PLACED IN Config.obj
COMPILER INVOKED BY: C:\Keil\C51\C51\BIN\C51.EXE UserAPP\Config.c BROWSE INCDIR(.\UserAPP) DEBUG OBJECTEXTEND PRINT(.\Co
                    -nfig.lst) TABS(2) OBJECT(Config.obj)

line level    source

   1          /********************************************************************
   2            *
   3            * FILE NAME      Config.c
   4            *
   5          *********************************************************************/
   6          #include "Config.h"
   7          
   8          /********************************************************************
   9            *
  10            * FunctioName    MCU_Config()
  11            *
  12          *********************************************************************/
  13          void MCU_Config(void)
  14          {
  15   1        // Disable Interrupt
  16   1        IE &= ~BIT7;
  17   1        
  18   1        CLK_Init();
  19   1        
  20   1        GPIO_Init();
  21   1        
  22   1        TIM_Init();
  23   1        
  24   1        USART_Init();
  25   1        
  26   1        IWDG_Init();
  27   1        
  28   1        // Enable Interrupt
  29   1        IE |= BIT7;
  30   1      }
  31          
  32          
  33          
  34          //-----------------------------------------------------------------
  35          // FunctionName   CLK_Init
  36          //-----------------------------------------------------------------
  37          static void CLK_Init(void)
  38          {
  39   1        TA      = 0xAA;
  40   1        TA      = 0x55;
  41   1        CKSWT  &= ~(BIT1 | BIT0);       //Select HIRC as system clock Sys_Clk = 22.118M
  42   1      }
  43          
  44          
  45          //-----------------------------------------------------------------
  46          // FunctionName   GPIO_Init
  47          //-----------------------------------------------------------------
  48          static void GPIO_Init(void)
  49          {
  50   1        //P26 - Key1, P21 - PIO11
  51   1        P2M1  |= (BIT1 | BIT6);
  52   1        P2M2  &= ~(BIT1 | BIT6);
  53   1        
  54   1        //P23 - VDD_CE
C51 COMPILER V9.52.0.0   CONFIG                                                            07/05/2018 11:40:23 PAGE 2   

  55   1        P2M1 &= ~BIT3;
  56   1        P2M2 |= BIT3;
  57   1        
  58   1        //P04 - R, P05 - G, P06 - B
  59   1        P0M1 &= ~(BIT4 | BIT5 | BIT6);
  60   1        P0M2 |= (BIT4 | BIT5 | BIT6);
  61   1        P0 &= ~(BIT4 | BIT5 | BIT6);
  62   1        
  63   1        PORT_BT_CE = RESET;
  64   1      }
  65          
  66          
  67          //-----------------------------------------------------------------
  68          // FunctionName   TIM_Init
  69          //-----------------------------------------------------------------
  70          static void TIM_Init(void)
  71          {
  72   1        T2CON   = 0x0;
  73   1        T2MOD   = 0xA0;     // 22.118 / 16 = 1.382375M
  74   1          
  75   1        RCMP2L  = 0x00;
  76   1        RCMP2H  = 0xCA;     // 10ms
  77   1        
  78   1        TR2   = 1;
  79   1        
  80   1        TMOD  = 0x20;     // 8bit timers1 anto reload
  81   1        TCON  = 0;        
  82   1        CKCON = 0x00;     // Syst = 22.118M / 12 = 1.84316666...
  83   1        TL1 = 0x00;
  84   1        TH1   = 250;      // 1.84316666M / ((256 - 250) * 32) = 9600
  85   1        
  86   1        TR1   = 1;
  87   1      }
  88          
  89          
  90          //-----------------------------------------------------------------
  91          // FunctionName   USART_Init
  92          //-----------------------------------------------------------------
  93          static void USART_Init(void)
  94          {
  95   1        // P24 Rx_1, P25 Tx_1, P20 Rx_0
  96   1        P2M1  &= ~(BIT0 | BIT4 | BIT5);
  97   1        P2M2  &= ~(BIT0 | BIT4 | BIT5);
  98   1        P2    |= (BIT0 | BIT4 | BIT5);    // P24 = 1, P25 = 1
  99   1        
 100   1        //P03 Tx_0
 101   1        P0M1  &= ~BIT3;
 102   1        P0M2  &= ~BIT3;
 103   1        P0    |= BIT3;    // P03 = 1
 104   1        
 105   1        
 106   1        
 107   1        // Set USART0 & USART1
 108   1        SCON    = 0x50;
 109   1        SCON_1  = 0x50;   // work at mode 1
 110   1        T3CON   |= BIT7;
 111   1        T3CON   &= ~BIT6;
 112   1        
 113   1        /* Bond Rate 9600 */
 114   1        T3CON &= ~(BIT0 | BIT1 | BIT2);
 115   1        RH3   = 0xFF;
 116   1        RL3   = 0x70;   // Rate = 22.118M / (16 * (0xffff - 0xff70 + 1))  = 22.118M / (16 * 144) = 9600;
C51 COMPILER V9.52.0.0   CONFIG                                                            07/05/2018 11:40:23 PAGE 3   

 117   1        T3CON |= BIT3;
 118   1        
 119   1        EIP1  |= BIT0;
 120   1        EIPH1 |= BIT0;
 121   1        
 122   1      
 123   1        /* Receive Interrupt Enable */
 124   1        IE    |= BIT4;
 125   1        EIE1  |= BIT0;
 126   1      }
 127          
 128          
 129          //-----------------------------------------------------------------
 130          // FunctionName   IWDG_Init
 131          //-----------------------------------------------------------------
 132          static void IWDG_Init(void)
 133          {
 134   1        TA      = 0xAA;
 135   1        TA      = 0x55;
 136   1        WDCON   = 0xC3;     // 102.4ms
 137   1      }
 138          


MODULE INFORMATION:   STATIC OVERLAYABLE
   CODE SIZE        =    149    ----
   CONSTANT SIZE    =   ----    ----
   XDATA SIZE       =   ----    ----
   PDATA SIZE       =   ----    ----
   DATA SIZE        =   ----    ----
   IDATA SIZE       =   ----    ----
   BIT SIZE         =   ----    ----
END OF MODULE INFORMATION.


C51 COMPILATION COMPLETE.  0 WARNING(S),  0 ERROR(S)
