C51 COMPILER V9.52.0.0   WIFIBT                                                            07/05/2018 11:40:24 PAGE 1   


C51 COMPILER V9.52.0.0, COMPILATION OF MODULE WIFIBT
OBJECT MODULE PLACED IN WifiBt.obj
COMPILER INVOKED BY: C:\Keil\C51\C51\BIN\C51.EXE UserAPP\WifiBt.c BROWSE INCDIR(.\UserAPP) DEBUG OBJECTEXTEND PRINT(.\Wi
                    -fiBt.lst) TABS(2) OBJECT(WifiBt.obj)

line level    source

   1          /********************************************************************
   2            *
   3            * FILE NAME      WifiBt.c
   4            *
   5          *********************************************************************/
   6          #include "WifiBt.h"
   7          
   8          
   9          
  10          //-------------------------------------------------------------------
  11          // FunctionName     main()
  12          // Brief            program entrance
  13          //-------------------------------------------------------------------
  14          void main(void)
  15          {
  16   1        MCU_Config();
  17   1        
  18   1        USART_Data_Init();
  19   1        
  20   1        User_Data_Init();
  21   1        
  22   1        while (1)
  23   1        {
  24   2          if (TF2 == SET)
  25   2          {
  26   3            TF2 = RESET;
  27   3                  
  28   3            TA      = 0xAA;
  29   3            TA      = 0x55;
  30   3            WDCON       |= BIT6;        //WDCLR = 1, clear the WDT 
  31   3            
  32   3            Csr1010_Snd_Data();
  33   3            
  34   3            Csr1010_Rcv_Data();
  35   3            
  36   3            Wifi_Snd_Data();
  37   3            
  38   3            Wifi_Rcv_Data();
  39   3            
  40   3            Key_Scan();
  41   3            
  42   3            Data_Process();
  43   3            
  44   3            BT_Work_Detect();
  45   3          }
  46   2        }
  47   1      }


MODULE INFORMATION:   STATIC OVERLAYABLE
   CODE SIZE        =     46    ----
   CONSTANT SIZE    =   ----    ----
   XDATA SIZE       =   ----    ----
   PDATA SIZE       =   ----    ----
C51 COMPILER V9.52.0.0   WIFIBT                                                            07/05/2018 11:40:24 PAGE 2   

   DATA SIZE        =   ----    ----
   IDATA SIZE       =   ----    ----
   BIT SIZE         =   ----    ----
END OF MODULE INFORMATION.


C51 COMPILATION COMPLETE.  0 WARNING(S),  0 ERROR(S)
