C51 COMPILER V9.52.0.0   KEYSCAN                                                           04/16/2018 20:02:13 PAGE 1   


C51 COMPILER V9.52.0.0, COMPILATION OF MODULE KEYSCAN
OBJECT MODULE PLACED IN .\HexDocument\KeyScan.obj
COMPILER INVOKED BY: C:\Keil\C51\C51\BIN\C51.EXE PrivateSrc\KeyScan.c BROWSE INCDIR(.\PrivateInc;.\PublicInc) DEBUG OBJE
                    -CTEXTEND PRINT(.\KeyScan.lst) TABS(2) OBJECT(.\HexDocument\KeyScan.obj)

line level    source

   1          /****************************************************************
   2            *
   3            * key_scan.c
   4            *
   5          *****/
   6          #include "Key_Scan.h"
   7          
   8          /* gloable variables----------------------------------------------------------*/
   9          idata _TypeEnumKey    KeyStatus = KEY_IDLE;
  10          
  11          
  12          idata _Uint8    KeyTime = 0;
  13          idata _Flag       KeyLongFlag = FALSE;
  14          
  15          
  16          /**
  17            * @Function Name    Key_Scan
  18            * @Parameters     None
  19            * @Return       None
  20            */
  21          void Key_Scan(void)
  22          {
  23   1          if (TestFlag == TRUE)       return;
  24   1          
  25   1        if (PORT_KEY == 0)
  26   1        {
  27   2          KeyTime++;
  28   2          if (KeyTime > 75)
  29   2          {
  30   3            KeyTime = 0;
  31   3            if (KeyLongFlag == FALSE)
  32   3            {
  33   4              KeyLongFlag = TRUE;
  34   4              KeyStatus = KEY_LONG;
  35   4            }
  36   3          }
  37   2        }
  38   1        
  39   1        
  40   1        else
  41   1        {
  42   2          if (KeyLongFlag == FALSE && KeyTime > 0)
  43   2          {
  44   3            KeyStatus = KEY_SHORT;
  45   3          }
  46   2          
  47   2          KeyLongFlag   = FALSE;
  48   2          KeyTime   = 0;
  49   2        }
  50   1        
  51   1        
  52   1      }


C51 COMPILER V9.52.0.0   KEYSCAN                                                           04/16/2018 20:02:13 PAGE 2   

MODULE INFORMATION:   STATIC OVERLAYABLE
   CODE SIZE        =     54    ----
   CONSTANT SIZE    =   ----    ----
   XDATA SIZE       =   ----    ----
   PDATA SIZE       =   ----    ----
   DATA SIZE        =   ----    ----
   IDATA SIZE       =      3    ----
   BIT SIZE         =   ----    ----
END OF MODULE INFORMATION.


C51 COMPILATION COMPLETE.  0 WARNING(S),  0 ERROR(S)
