C51 COMPILER V9.52.0.0   LED_CLASS                                                         04/16/2018 20:02:14 PAGE 1   


C51 COMPILER V9.52.0.0, COMPILATION OF MODULE LED_CLASS
OBJECT MODULE PLACED IN .\HexDocument\Led_Class.obj
COMPILER INVOKED BY: C:\Keil\C51\C51\BIN\C51.EXE PublicSrc\Led_Class.c BROWSE INCDIR(.\PrivateInc;.\PublicInc) DEBUG OBJ
                    -ECTEXTEND PRINT(.\Led_Class.lst) TABS(2) OBJECT(.\HexDocument\Led_Class.obj)

line level    source

   1          /*********************************************************************************************************
             -***
   2            *
   3            * FileName      Led_Class.c
   4            *
   5            * Description
   6            *               The protocol about communicate with LED, such as LED with KM5020, LED with UCS1903BC,
   7            *               LED drived by PWM, LED drived by general I/O or LED drived by custom protol.
   8            *
   9          **********************************************************************************************************
             -***/
  10          #include "Led_Class.h"
  11          
  12          
  13          /*------------------------< Gloable Parameters >----------------------------------*/
  14          _Uint8  DutyR;
  15          _Uint8  DutyG;
  16          _Uint8  DutyB;
  17          
  18          
  19          /**************************************************************************************
  20            *
  21            * FunctionName    Led_Update
  22            *
  23          ***************************************************************************************/
  24          void Led_Update(void)
  25          {
  26   1          static _Uint8   DutyCnt;
  27   1        
  28   1        DutyCnt++;
  29   1        if (DutyCnt >= 125)     DutyCnt = 0;
  30   1        
  31   1        if (DutyCnt < DutyR)    PORT_RED  = SET;
  32   1        else            PORT_RED  = RESET;
  33   1        
  34   1        if (DutyCnt < DutyB)    PORT_BLUE   = SET;
  35   1        else            PORT_BLUE = RESET;
  36   1        
  37   1        if (DutyCnt < DutyG)    PORT_GREEN  = SET;
  38   1        else            PORT_GREEN  = RESET;
  39   1      }
  40          


MODULE INFORMATION:   STATIC OVERLAYABLE
   CODE SIZE        =     51    ----
   CONSTANT SIZE    =   ----    ----
   XDATA SIZE       =   ----    ----
   PDATA SIZE       =   ----    ----
   DATA SIZE        =      4    ----
   IDATA SIZE       =   ----    ----
   BIT SIZE         =   ----    ----
END OF MODULE INFORMATION.


C51 COMPILATION COMPLETE.  0 WARNING(S),  0 ERROR(S)
