C51 COMPILER V9.52.0.0   CONFIG                                                            08/08/2018 17:09:59 PAGE 1   


C51 COMPILER V9.52.0.0, COMPILATION OF MODULE CONFIG
OBJECT MODULE PLACED IN .\Output\Config.obj
COMPILER INVOKED BY: C:\Keil\C51\C51\BIN\C51.EXE User\Config.c BROWSE INCDIR(.\User) DEBUG OBJECTEXTEND PRINT(.\Config.l
                    -st) TABS(2) OBJECT(.\Output\Config.obj)

line level    source

   1          /*************************************************************************
   2            *
   3            * FileName    MCU_Config.c
   4            *
   5          **************************************************************************/
   6          #include "Config.h"
   7          
   8          bit BIT_TMP;
   9          
  10          /*****************************************
  11            * FunctionName    MCU_Config
  12          ******************************************/
  13          void MCU_Config(void)
  14          {
  15   1        IE &= ~BIT7;
  16   1        CLK_Init();
  17   1        GPIO_Init();
  18   1        TIM_Init();
  19   1        IE |= BIT7;
  20   1      }
  21          
  22          
  23          
  24          /********************************************
  25            * CLK_Init()
  26          *********************************************/
  27          static void CLK_Init(void)
  28          {
  29   1        CKSWT = 0x00;
  30   1        CKDIV = 0x00;
  31   1      }
  32          
  33          /********************************************
  34            * GPIO_Init()
  35          *********************************************/
  36          static void GPIO_Init(void)
  37          {
  38   1        //P11,P12,P13,P14
  39   1        P1M1 &= ~(BIT1 | BIT2 | BIT3 | BIT4);
  40   1        P1M2 |= (BIT1 | BIT2 | BIT3 | BIT4);
  41   1        P1   &= ~(BIT1 | BIT2 | BIT3 | BIT4);
  42   1        
  43   1        
  44   1        // Close the BOD
  45   1        TA = 0xAA;
  46   1        TA = 0x55;
  47   1        BODCON0 = 0x0;
  48   1      }
  49          
  50          
  51          
  52          /********************************************
  53            * TIM_Init()
  54          *********************************************/
C51 COMPILER V9.52.0.0   CONFIG                                                            08/08/2018 17:09:59 PAGE 2   

  55          static void TIM_Init(void)
  56          {
  57   1        /* TIMER 0 */
  58   1        TMOD    = 0x2;
  59   1        CKCON  &= ~BIT3;    //1.3333M
  60   1        TL0     = 122;
  61   1        TH0     = 122;   //184 / 1.333 = 100us
  62   1        ET0     = 1;
  63   1        TR0     = 1;
  64   1        
  65   1        /* TIMER 2 */
  66   1        T2CON   = 0x0;
  67   1        T2MOD   = 0xA0;     //16 / 16 = 1M
  68   1      
  69   1        RCMP2L  = 0xF0;
  70   1        RCMP2H  = 0xD8;     //10ms
  71   1        TR2   = 1;
  72   1      }
  73          


MODULE INFORMATION:   STATIC OVERLAYABLE
   CODE SIZE        =     72    ----
   CONSTANT SIZE    =   ----    ----
   XDATA SIZE       =   ----    ----
   PDATA SIZE       =   ----    ----
   DATA SIZE        =   ----    ----
   IDATA SIZE       =   ----    ----
   BIT SIZE         =      1    ----
END OF MODULE INFORMATION.


C51 COMPILATION COMPLETE.  0 WARNING(S),  0 ERROR(S)
