C51 COMPILER V9.52.0.0   MINI93MOTOR                                                       08/08/2018 17:09:59 PAGE 1   


C51 COMPILER V9.52.0.0, COMPILATION OF MODULE MINI93MOTOR
OBJECT MODULE PLACED IN .\Output\Mini93Motor.obj
COMPILER INVOKED BY: C:\Keil\C51\C51\BIN\C51.EXE User\Mini93Motor.c BROWSE INCDIR(.\User) DEBUG OBJECTEXTEND PRINT(.\Min
                    -i93Motor.lst) TABS(2) OBJECT(.\Output\Mini93Motor.obj)

line level    source

   1          /******************************************************
   2            *
   3            * FileName    LY6686.c
   4            *
   5          *******************************************************/
   6          #include "Mini93Motor.h"
   7          
   8          
   9          
  10          
  11          _Uint8  const MOTOR_DATA[8] = {0x01,0x03,0x02,0x06,0x04,0x0c,0x08,0x09};
  12          _Uint8  MotorStep;
  13          _Uint8  MotorDutyCnt;
  14          _Uint8  MotorTime;
  15          
  16          
  17          /*******************************************************
  18            *
  19            * Function Name   | TIM0_Interrupt_Handler
  20            * Description     | TIM0 100us
  21            *
  22          *****/
  23          void TIM0_Interrupt_Handler(void) interrupt 1
  24          {
  25   1        _Uint16 buf = 0;
  26   1        
  27   1        TF0 = 0;
  28   1        
  29   1        MotorDutyCnt++;
  30   1        if (MotorDutyCnt > 30)
  31   1        {
  32   2          MotorDutyCnt = 0;
  33   2        }
  34   1        
  35   1        if (MotorDutyCnt < 20)
  36   1        {
  37   2          PORT_A =  MOTOR_DATA[MotorStep] & 0x01;
  38   2          PORT_B = (MOTOR_DATA[MotorStep] & 0x02) >> 1;
  39   2          PORT_C = (MOTOR_DATA[MotorStep] & 0x04) >> 2;
  40   2          PORT_D = (MOTOR_DATA[MotorStep] & 0x08) >> 3;
  41   2        }
  42   1        else
  43   1        {
  44   2          PORT_A = 0;
  45   2          PORT_B = 0;
  46   2          PORT_C = 0;
  47   2          PORT_D = 0;
  48   2        }
  49   1        
  50   1        MotorTime++;
  51   1        if (MotorTime > 40)
  52   1        {
  53   2          MotorTime = 0;
  54   2          MotorStep++;
C51 COMPILER V9.52.0.0   MINI93MOTOR                                                       08/08/2018 17:09:59 PAGE 2   

  55   2          if (MotorStep > 7)
  56   2          {
  57   3            MotorStep = 0;
  58   3          }
  59   2        }
  60   1       
  61   1      }
  62          
  63          
  64          /**
  65            * Programm Entrance
  66            */
  67          void main(void)
  68          {
  69   1        MCU_Config();
  70   1        
  71   1        while (1)
  72   1        {
  73   2          if (TF2 == 1)
  74   2          {
  75   3            TF2 = 0;
  76   3       
  77   3            TA      = 0xAA;
  78   3            TA      = 0x55;
  79   3            WDCON   |= BIT6;        //WDCLR = 1, clear the WDT 
  80   3            
  81   3            
  82   3          }
  83   2        }
  84   1      }
  85          
  86          
  87          
  88          


MODULE INFORMATION:   STATIC OVERLAYABLE
   CODE SIZE        =    152    ----
   CONSTANT SIZE    =   ----    ----
   XDATA SIZE       =   ----    ----
   PDATA SIZE       =   ----    ----
   DATA SIZE        =     11       2
   IDATA SIZE       =   ----    ----
   BIT SIZE         =   ----    ----
END OF MODULE INFORMATION.


C51 COMPILATION COMPLETE.  0 WARNING(S),  0 ERROR(S)
