C51 COMPILER V9.52.0.0   FLASH_PRGM                                                        08/08/2018 16:05:19 PAGE 1   


C51 COMPILER V9.52.0.0, COMPILATION OF MODULE FLASH_PRGM
OBJECT MODULE PLACED IN Flash_Prgm.obj
COMPILER INVOKED BY: C:\Keil\C51\C51\BIN\C51.EXE UserAPP\Flash_Prgm.c BROWSE INCDIR(.\UserAPP) DEBUG OBJECTEXTEND PRINT(
                    -.\Flash_Prgm.lst) TABS(2) OBJECT(Flash_Prgm.obj)

line level    source

   1          /********************************************************************
   2            *
   3            * FILE NAME      Flash_Prgm.c
   4            *
   5          *********************************************************************/
   6          #include "Flash_Prgm.h"
   7          
   8          /* @Const Variables */
   9          volatile _Uint8 code DataAPROM[128] _at_ 0x0200;
  10          
  11          
  12          /* @Gloable variables */
  13          _Flag               FlashSaveFlag;
  14          
  15          
  16          /*****************************************************************************
  17            *
  18            * @FunctionName Byte_Write_To_APROM
  19            * @Output       None
  20            * @Input        None
  21            *
  22          ****/
  23          void Byte_Write_To_APROM(void)
  24          {
  25   1          if (FlashSaveFlag)
  26   1          {
  27   2              FlashSaveFlag = FALSE;
  28   2              
  29   2              /* Disable the Interrupt */
  30   2              IE &= ~BIT7;
  31   2              
  32   2              /* Read CONFIG1' value */
  33   2              TA      = 0xAA;
  34   2              TA      = 0x55;
  35   2              CHPCON  |= BIT0;      // IAPEN = 1
  36   2              
  37   2              TA      = 0xAA;
  38   2              TA      = 0x55;
  39   2              IAPUEN  |= BIT0;      //APUEN = 1
  40   2              
  41   2              IAPCN   = APROM_ERASE;
  42   2              IAPAH   = 0x02;
  43   2              IAPAL   = 0x00;
  44   2              IAPFD   = 0xFF;
  45   2              TA      = 0xAA;
  46   2              TA      = 0x55;
  47   2              IAPTRG  |= BIT0;
  48   2      
  49   2              
  50   2              /* Write mode value to 0x0200 */
  51   2              IAPCN   = APROM_WRITE;
  52   2              IAPAH   = 0x02;
  53   2              IAPAL   = 0x00;
  54   2              IAPFD   = NormalMode; 
C51 COMPILER V9.52.0.0   FLASH_PRGM                                                        08/08/2018 16:05:19 PAGE 2   

  55   2              TA      = 0xAA;
  56   2              TA      = 0x55;
  57   2              IAPTRG  |= BIT0;      // Start IAP
  58   2              
  59   2              /* Write color value to 0x0201 */
  60   2              IAPCN   = APROM_WRITE;
  61   2              IAPAH   = 0x02;
  62   2              IAPAL   = 0x01;
  63   2              IAPFD   = NormalColor;  
  64   2              TA      = 0xAA;
  65   2              TA      = 0x55;
  66   2              IAPTRG  |= BIT0;      // Start IAP
  67   2              
  68   2              
  69   2              /* Write count down hour to 0x0202 */
  70   2              IAPCN   = APROM_WRITE;
  71   2              IAPAH   = 0x02;
  72   2              IAPAL   = 0x02;
  73   2              IAPFD   = ShowMode; 
  74   2              TA      = 0xAA;
  75   2              TA      = 0x55;
  76   2              IAPTRG  |= BIT0;      // Start IAP
  77   2              
  78   2              /* Write count down hour to 0x0203 */
  79   2              IAPCN   = APROM_WRITE;
  80   2              IAPAH   = 0x02;
  81   2              IAPAL   = 0x03;
  82   2              IAPFD   = ShowColor;  
  83   2              TA      = 0xAA;
  84   2              TA      = 0x55;
  85   2              IAPTRG  |= BIT0;      // Start IAP
  86   2              
  87   2              TA      = 0xAA;
  88   2              TA      = 0x55;
  89   2              IAPUEN  &= ~BIT0;
  90   2              
  91   2              TA      = 0xAA;
  92   2              TA      = 0x55;
  93   2              CHPCON  &= ~BIT0;
  94   2              
  95   2              /* Enable Interrupt */
  96   2              IE |= BIT7;
  97   2          }
  98   1      }
  99          
 100          
 101          /********************************************************
 102            *
 103            * @FunctionName Byte_Read_From_APROM
 104            *
 105          *********************************************************/
 106          _Uint8 Byte_Read_From_APROM(_TypeEnumEprom AddBuf)
 107          {
 108   1        return(DataAPROM[AddBuf]);
 109   1      }
 110          
 111          
 112          
 113          
 114          
 115          
 116          
C51 COMPILER V9.52.0.0   FLASH_PRGM                                                        08/08/2018 16:05:19 PAGE 3   

 117          
 118          


MODULE INFORMATION:   STATIC OVERLAYABLE
   CODE SIZE        =    163    ----
   CONSTANT SIZE    =   ----    ----
   XDATA SIZE       =   ----    ----
   PDATA SIZE       =   ----    ----
   DATA SIZE        =      1    ----
   IDATA SIZE       =   ----    ----
   BIT SIZE         =   ----    ----
END OF MODULE INFORMATION.


C51 COMPILATION COMPLETE.  0 WARNING(S),  0 ERROR(S)
