C51 COMPILER V9.52.0.0   FLASH_PRGRM                                                       03/30/2018 19:49:13 PAGE 1   


C51 COMPILER V9.52.0.0, COMPILATION OF MODULE FLASH_PRGRM
OBJECT MODULE PLACED IN .\HexDocument\Flash_Prgrm.obj
COMPILER INVOKED BY: C:\Keil\C51\C51\BIN\C51.EXE PublicSrc\Flash_Prgrm.c BROWSE INCDIR(.\PrivateInc;.\PublicInc) DEBUG O
                    -BJECTEXTEND PRINT(.\Flash_Prgrm.lst) TABS(2) OBJECT(.\HexDocument\Flash_Prgrm.obj)

line level    source

   1          /**********************************************************************
   2            *
   3            * @FunctionName Eprom.c
   4            *
   5          ***********************************************************************/
   6          #include "Flash_Prgrm.h"
   7          
   8          
   9          /* @Const Variables */
  10          volatile _Uint8 code DataAPROM[128] _at_ 0x0200;
  11          
  12          
  13          /* @Gloable variables */
  14          _Flag               FlashSaveFlag;
  15          
  16          
  17          /*****************************************************************************
  18            *
  19            * @FunctionName Byte_Write_To_APROM
  20            * @Output       None
  21            * @Input        None
  22            *
  23          ****/
  24          void Byte_Write_To_APROM(void)
  25          {
  26   1          if (FlashSaveFlag)
  27   1          {
  28   2              FlashSaveFlag = FALSE;
  29   2              
  30   2              /* Disable the Interrupt */
  31   2              IE &= ~BIT7;
  32   2              
  33   2              /* Read CONFIG1' value */
  34   2              TA      = 0xAA;
  35   2              TA      = 0x55;
  36   2              CHPCON  |= BIT0;      // IAPEN = 1
  37   2              
  38   2              TA      = 0xAA;
  39   2              TA      = 0x55;
  40   2              IAPUEN  |= BIT0;      //APUEN = 1
  41   2              
  42   2              IAPCN   = APROM_ERASE;
  43   2              IAPAH   = 0x02;
  44   2              IAPAL   = 0x00;
  45   2              IAPFD   = 0xFF;
  46   2              TA      = 0xAA;
  47   2              TA      = 0x55;
  48   2              IAPTRG  |= BIT0;
  49   2      
  50   2              
  51   2              /* Write mode value to 0x0200 */
  52   2              IAPCN   = APROM_WRITE;
  53   2              IAPAH   = 0x02;
  54   2              IAPAL   = 0x00;
C51 COMPILER V9.52.0.0   FLASH_PRGRM                                                       03/30/2018 19:49:13 PAGE 2   

  55   2              IAPFD   = DisplayData.ModeBuf;  
  56   2              TA      = 0xAA;
  57   2              TA      = 0x55;
  58   2              IAPTRG  |= BIT0;      // Start IAP
  59   2              
  60   2              /* Write color value to 0x0201 */
  61   2              IAPCN   = APROM_WRITE;
  62   2              IAPAH   = 0x02;
  63   2              IAPAL   = 0x01;
  64   2              IAPFD   = DisplayData.ColorValue; 
  65   2              TA      = 0xAA;
  66   2              TA      = 0x55;
  67   2              IAPTRG  |= BIT0;      // Start IAP
  68   2              
  69   2              
  70   2              /* Write count down hour to 0x0202 */
  71   2              IAPCN   = APROM_WRITE;
  72   2              IAPAH   = 0x02;
  73   2              IAPAL   = 0x02;
  74   2              IAPFD   = TimerData.CntDwnHour; 
  75   2              TA      = 0xAA;
  76   2              TA      = 0x55;
  77   2              IAPTRG  |= BIT0;      // Start IAP
  78   2              
  79   2              /* Write count down hour to 0x0203 */
  80   2              IAPCN   = APROM_WRITE;
  81   2              IAPAH   = 0x02;
  82   2              IAPAL   = 0x03;
  83   2              IAPFD   = ChkSumRstSave;  
  84   2              TA      = 0xAA;
  85   2              TA      = 0x55;
  86   2              IAPTRG  |= BIT0;      // Start IAP
  87   2              
  88   2              /* Write count down hour to 0x0204 */
  89   2              IAPCN   = APROM_WRITE;
  90   2              IAPAH   = 0x02;
  91   2              IAPAL   = 0x04;
  92   2              IAPFD   = ChkSumH;  
  93   2              TA      = 0xAA;
  94   2              TA      = 0x55;
  95   2              IAPTRG  |= BIT0;      // Start IAP
  96   2              
  97   2              /* Write count down hour to 0x0205 */
  98   2              IAPCN   = APROM_WRITE;
  99   2              IAPAH   = 0x02;
 100   2              IAPAL   = 0x05;
 101   2              IAPFD   = ChkSumL;  
 102   2              TA      = 0xAA;
 103   2              TA      = 0x55;
 104   2              IAPTRG  |= BIT0;      // Start IAP
 105   2              
 106   2              
 107   2              /* Write count down hour to 0x0206 */
 108   2              IAPCN   = APROM_WRITE;
 109   2              IAPAH   = 0x02;
 110   2              IAPAL   = 0x06;
 111   2              IAPFD   = PowerOnNum; 
 112   2              TA      = 0xAA;
 113   2              TA      = 0x55;
 114   2              IAPTRG  |= BIT0;      // Start IAP
 115   2              
 116   2              /* Write count down hour to 0x0207 */
C51 COMPILER V9.52.0.0   FLASH_PRGRM                                                       03/30/2018 19:49:13 PAGE 3   

 117   2              IAPCN   = APROM_WRITE;
 118   2              IAPAH   = 0x02;
 119   2              IAPAL   = 0x07;
 120   2              IAPFD   = MotorData.ModeBuf;  
 121   2              TA      = 0xAA;
 122   2              TA      = 0x55;
 123   2              IAPTRG  |= BIT0;      // Start IAP
 124   2              
 125   2              
 126   2              TA      = 0xAA;
 127   2              TA      = 0x55;
 128   2              IAPUEN  &= ~BIT0;
 129   2              
 130   2              TA      = 0xAA;
 131   2              TA      = 0x55;
 132   2              CHPCON  &= ~BIT0;
 133   2              
 134   2              /* Enable Interrupt */
 135   2              IE |= BIT7;
 136   2          }
 137   1      }
 138          
 139          
 140          /********************************************************
 141            *
 142            * @FunctionName Byte_Read_From_APROM
 143            *
 144          *********************************************************/
 145          _Uint8 Byte_Read_From_APROM(_TypeEnumEprom AddBuf)
 146          {
 147   1        return(DataAPROM[AddBuf]);
 148   1      }


MODULE INFORMATION:   STATIC OVERLAYABLE
   CODE SIZE        =    255    ----
   CONSTANT SIZE    =   ----    ----
   XDATA SIZE       =   ----    ----
   PDATA SIZE       =   ----    ----
   DATA SIZE        =      1    ----
   IDATA SIZE       =   ----    ----
   BIT SIZE         =   ----    ----
END OF MODULE INFORMATION.


C51 COMPILATION COMPLETE.  0 WARNING(S),  0 ERROR(S)
