C51 COMPILER V9.52.0.0   MOTOR                                                             03/30/2018 19:49:13 PAGE 1   


C51 COMPILER V9.52.0.0, COMPILATION OF MODULE MOTOR
OBJECT MODULE PLACED IN .\HexDocument\Motor.obj
COMPILER INVOKED BY: C:\Keil\C51\C51\BIN\C51.EXE PrivateSrc\Motor.c BROWSE INCDIR(.\PrivateInc;.\PublicInc) DEBUG OBJECT
                    -EXTEND PRINT(.\Motor.lst) TABS(2) OBJECT(.\HexDocument\Motor.obj)

line level    source

   1          /************************************************************
   2            *
   3            * File Name:　Motor.c
   4            * Description: 步进马达控制
   5            *
   6          **************************************************************/
   7          #include "Motor.h"
   8          
   9          
  10          /* gloable variables ---------------------------------------------------------*/
  11          _TypeStructMotor    MotorData;
  12          
  13          
  14          
  15          /* file variables ------------------------------------------------------------*/
  16          idata _Uint8    MotorDuty = 0;
  17          idata _Uint8    MotorDutyCnt = 0;
  18          idata _Uint8    MotorTime = 0;
  19          idata _Uint8    MotorStep = 0;
  20          _Uint8 const MOTOR_DATA[8] = {0x01,0x03,0x02,0x06,0x04,0x0c,0x08,0x09};
  21          
  22          
  23          
  24          /**
  25            * @FunctionName     Motor_Duty_Control
  26            * @Parameters     None
  27            * @Return       None
  28            */
  29          void Motor_Duty_Control(void)
  30          {
  31   1        if (MotorData.Mode == 0)    return;
  32   1        
  33   1        MotorDutyCnt++;
  34   1        if (MotorDutyCnt > 20)
  35   1        {
  36   2          MotorDutyCnt = 0;
  37   2        }
  38   1        
  39   1        if (MotorDutyCnt < 15)
  40   1        {
  41   2          PORT_A =  MOTOR_DATA[MotorStep] & 0x01;
  42   2              PORT_B = (MOTOR_DATA[MotorStep] & 0x02) >> 1;
  43   2              PORT_C = (MOTOR_DATA[MotorStep] & 0x04) >> 2;
  44   2              PORT_D = (MOTOR_DATA[MotorStep] & 0x08) >> 3;
  45   2        }
  46   1        else
  47   1        {
  48   2          PORT_A = 0;
  49   2          PORT_B = 0;
  50   2          PORT_C = 0;
  51   2          PORT_D = 0;
  52   2        }
  53   1        
  54   1        MotorTime++;
C51 COMPILER V9.52.0.0   MOTOR                                                             03/30/2018 19:49:13 PAGE 2   

  55   1        if (MotorTime > MotorDuty)
  56   1        {
  57   2          MotorTime = 0;
  58   2          MotorStep++;
  59   2          if (MotorStep > 7)
  60   2          {
  61   3            MotorStep = 0;
  62   3          }
  63   2        }
  64   1        
  65   1      }
  66          
  67          /**
  68            * @FunctionName   Motor_Control
  69            * @Parameters   None
  70            * @Return     None
  71            */
  72          void Motor_Control(void)
  73          {
  74   1        if (MotorData.InitFlag == TRUE)
  75   1        {
  76   2          MotorData.InitFlag = FALSE;
  77   2          
  78   2          if (MotorData.Mode == 0)
  79   2          {
  80   3            PORT_A    = RESET;
  81   3            PORT_B    = RESET;
  82   3            PORT_C    = RESET;
  83   3            PORT_D    = RESET;
  84   3            return;
  85   3          }
  86   2          
  87   2          MotorStep = 0;
  88   2          
  89   2          switch (MotorData.Mode)
  90   2          { 
  91   3            case 1:     MotorDuty = SPEED_1;    break;
  92   3            case 2:     MotorDuty = SPEED_2;    break;
  93   3            default:    MotorDuty = SPEED_1;    break;
  94   3          }
  95   2        }
  96   1      }


MODULE INFORMATION:   STATIC OVERLAYABLE
   CODE SIZE        =    153    ----
   CONSTANT SIZE    =   ----    ----
   XDATA SIZE       =   ----    ----
   PDATA SIZE       =   ----    ----
   DATA SIZE        =     11    ----
   IDATA SIZE       =      4    ----
   BIT SIZE         =   ----    ----
END OF MODULE INFORMATION.


C51 COMPILATION COMPLETE.  0 WARNING(S),  0 ERROR(S)
